<?xml version="1.0" encoding="UTF-8"?>
<!-- Generated by org.testng.reporters.JUnitReportReporter -->
<testsuite hostname="EC2AMAZ-S11DBRH" failures="0" tests="2" name="testScripts.TestngDemo2" time="6.157" errors="0" timestamp="2023-12-11T07:08:17 GMT" skipped="0">
  <testcase classname="testScripts.TestngDemo2" name="cucumberSearch" time="5.093"/>
  <system-out/>
  <testcase classname="testScripts.TestngDemo2" name="mavenSearch" time="1.064"/>
  <system-out/>
</testsuite> <!-- testScripts.TestngDemo2 -->
