<?xml version="1.0" encoding="UTF-8"?>
<!-- Generated by org.testng.reporters.JUnitReportReporter -->
<testsuite hostname="EC2AMAZ-S11DBRH" failures="0" tests="1" name="testScripts.ChromeDevTools" time="3.232" errors="0" timestamp="2023-12-13T05:53:48 GMT" skipped="0">
  <testcase classname="testScripts.ChromeDevTools" name="captureNWTrafficTest" time="3.232"/>
  <system-out/>
</testsuite> <!-- testScripts.ChromeDevTools -->
